  windowswrapper.cpp
d:\scottsdocs\sourcecode\twinsouls\code\windowswrapper.cpp(152): warning C4800: 'BOOL': forcing value to bool 'true' or 'false' (performance warning)
  utilities.cpp
  glfwwrapper.cpp
  shaders.cpp
  resourcemanager.cpp
  platform.cpp
  eventlistener.cpp
  maingame.cpp
  entry.cpp
  graphicscontroller.cpp
d:\scottsdocs\sourcecode\twinsouls\code\graphicscontroller.cpp(139): warning C4244: 'argument': conversion from 'GLdouble' to 'GLfloat', possible loss of data
  debug.cpp
  clock.cpp
d:\scottsdocs\sourcecode\twinsouls\code\clock.cpp(13): warning C4244: 'argument': conversion from 'time_t' to 'unsigned int', possible loss of data
  camera.cpp
  box.cpp
  Generating Code...
LINK : warning LNK4098: defaultlib 'LIBCMT' conflicts with use of other libs; use /NODEFAULTLIB:library
glfw3.lib(context.obj) : warning LNK4099: PDB 'glfw.pdb' was not found with 'glfw3.lib(context.obj)' or at 'D:\scottsdocs\sourcecode\twinsouls\build\glfw.pdb'; linking object as if no debug info
glfw3.lib(init.obj) : warning LNK4099: PDB 'glfw.pdb' was not found with 'glfw3.lib(init.obj)' or at 'D:\scottsdocs\sourcecode\twinsouls\build\glfw.pdb'; linking object as if no debug info
glfw3.lib(input.obj) : warning LNK4099: PDB 'glfw.pdb' was not found with 'glfw3.lib(input.obj)' or at 'D:\scottsdocs\sourcecode\twinsouls\build\glfw.pdb'; linking object as if no debug info
glfw3.lib(monitor.obj) : warning LNK4099: PDB 'glfw.pdb' was not found with 'glfw3.lib(monitor.obj)' or at 'D:\scottsdocs\sourcecode\twinsouls\build\glfw.pdb'; linking object as if no debug info
glfw3.lib(window.obj) : warning LNK4099: PDB 'glfw.pdb' was not found with 'glfw3.lib(window.obj)' or at 'D:\scottsdocs\sourcecode\twinsouls\build\glfw.pdb'; linking object as if no debug info
glfw3.lib(win32_init.obj) : warning LNK4099: PDB 'glfw.pdb' was not found with 'glfw3.lib(win32_init.obj)' or at 'D:\scottsdocs\sourcecode\twinsouls\build\glfw.pdb'; linking object as if no debug info
glfw3.lib(win32_monitor.obj) : warning LNK4099: PDB 'glfw.pdb' was not found with 'glfw3.lib(win32_monitor.obj)' or at 'D:\scottsdocs\sourcecode\twinsouls\build\glfw.pdb'; linking object as if no debug info
glfw3.lib(win32_time.obj) : warning LNK4099: PDB 'glfw.pdb' was not found with 'glfw3.lib(win32_time.obj)' or at 'D:\scottsdocs\sourcecode\twinsouls\build\glfw.pdb'; linking object as if no debug info
glfw3.lib(win32_tls.obj) : warning LNK4099: PDB 'glfw.pdb' was not found with 'glfw3.lib(win32_tls.obj)' or at 'D:\scottsdocs\sourcecode\twinsouls\build\glfw.pdb'; linking object as if no debug info
glfw3.lib(win32_window.obj) : warning LNK4099: PDB 'glfw.pdb' was not found with 'glfw3.lib(win32_window.obj)' or at 'D:\scottsdocs\sourcecode\twinsouls\build\glfw.pdb'; linking object as if no debug info
glfw3.lib(winmm_joystick.obj) : warning LNK4099: PDB 'glfw.pdb' was not found with 'glfw3.lib(winmm_joystick.obj)' or at 'D:\scottsdocs\sourcecode\twinsouls\build\glfw.pdb'; linking object as if no debug info
glfw3.lib(wgl_context.obj) : warning LNK4099: PDB 'glfw.pdb' was not found with 'glfw3.lib(wgl_context.obj)' or at 'D:\scottsdocs\sourcecode\twinsouls\build\glfw.pdb'; linking object as if no debug info
glew32s.lib(glew.obj) : warning LNK4099: PDB 'vc120.pdb' was not found with 'glew32s.lib(glew.obj)' or at 'D:\scottsdocs\sourcecode\twinsouls\build\vc120.pdb'; linking object as if no debug info
  solution.vcxproj -> D:\scottsdocs\sourcecode\twinsouls\solution\..\build\solution.exe
  solution.vcxproj -> D:\scottsdocs\sourcecode\twinsouls\solution\..\build\solution.pdb (Partial PDB)
